[01-Mar-2015 23:28:28 UTC] PHP Warning:  mysqli::mysqli(): (HY000/2002): Can't connect to local MySQL server through socket '/var/run/mysqld/mysqld.sock' (2) in /home/ubuntu/workspace/create-record/add-record.php on line 8
[01-Mar-2015 23:30:21 UTC] PHP Warning:  mysqli::mysqli(): (HY000/2002): Can't connect to local MySQL server through socket '/var/run/mysqld/mysqld.sock' (2) in /home/ubuntu/workspace/create-record/add-record.php on line 8
[01-Mar-2015 23:34:16 UTC] PHP Notice:  Undefined variable: IP in /home/ubuntu/workspace/create-record/add-record.php on line 2
[01-Mar-2015 23:34:16 UTC] PHP Warning:  mysqli::mysqli(): (HY000/2002): Can't connect to local MySQL server through socket '/var/run/mysqld/mysqld.sock' (2) in /home/ubuntu/workspace/create-record/add-record.php on line 8
[02-Mar-2015 00:11:02 UTC] PHP Notice:  Undefined variable: mysqli in /home/ubuntu/workspace/create-record/add-record.php on line 23
[02-Mar-2015 00:11:02 UTC] PHP Notice:  Trying to get property of non-object in /home/ubuntu/workspace/create-record/add-record.php on line 23
[02-Mar-2015 00:11:27 UTC] PHP Notice:  Undefined variable: mysqli in /home/ubuntu/workspace/create-record/add-record.php on line 23
[02-Mar-2015 00:11:27 UTC] PHP Notice:  Trying to get property of non-object in /home/ubuntu/workspace/create-record/add-record.php on line 23
[02-Mar-2015 00:11:44 UTC] PHP Notice:  Undefined variable: mysqli in /home/ubuntu/workspace/create-record/add-record.php on line 23
[02-Mar-2015 00:11:44 UTC] PHP Notice:  Trying to get property of non-object in /home/ubuntu/workspace/create-record/add-record.php on line 23
[02-Mar-2015 00:12:11 UTC] PHP Notice:  Undefined variable: mysqli in /home/ubuntu/workspace/create-record/add-record.php on line 14
[02-Mar-2015 00:12:11 UTC] PHP Notice:  Trying to get property of non-object in /home/ubuntu/workspace/create-record/add-record.php on line 14
[02-Mar-2015 00:12:14 UTC] PHP Notice:  Undefined variable: mysqli in /home/ubuntu/workspace/create-record/add-record.php on line 14
[02-Mar-2015 00:12:14 UTC] PHP Notice:  Trying to get property of non-object in /home/ubuntu/workspace/create-record/add-record.php on line 14
[02-Mar-2015 00:17:22 UTC] PHP Notice:  Undefined variable: mysqli in /home/ubuntu/workspace/create-record/add-record.php on line 14
[02-Mar-2015 00:17:22 UTC] PHP Notice:  Trying to get property of non-object in /home/ubuntu/workspace/create-record/add-record.php on line 14
[02-Mar-2015 00:17:28 UTC] PHP Notice:  Undefined variable: mysqli in /home/ubuntu/workspace/create-record/add-record.php on line 14
[02-Mar-2015 00:17:28 UTC] PHP Notice:  Trying to get property of non-object in /home/ubuntu/workspace/create-record/add-record.php on line 14
[02-Mar-2015 00:45:28 UTC] PHP Parse error:  syntax error, unexpected ')' in /home/ubuntu/workspace/create-record/add-record.php on line 36
[02-Mar-2015 00:46:26 UTC] PHP Parse error:  syntax error, unexpected ')' in /home/ubuntu/workspace/create-record/add-record.php on line 36
[02-Mar-2015 00:47:19 UTC] PHP Parse error:  syntax error, unexpected ')' in /home/ubuntu/workspace/create-record/add-record.php on line 36
[02-Mar-2015 00:55:49 UTC] PHP Parse error:  syntax error, unexpected ')' in /home/ubuntu/workspace/create-record/add-record.php on line 36
[02-Mar-2015 00:56:29 UTC] PHP Parse error:  syntax error, unexpected ')' in /home/ubuntu/workspace/create-record/add-record.php on line 36
[02-Mar-2015 00:56:42 UTC] PHP Parse error:  syntax error, unexpected ')' in /home/ubuntu/workspace/create-record/add-record.php on line 36
[02-Mar-2015 00:58:00 UTC] PHP Parse error:  syntax error, unexpected ')' in /home/ubuntu/workspace/create-record/add-record.php on line 37
[02-Mar-2015 00:59:49 UTC] PHP Parse error:  syntax error, unexpected '"')"' (T_CONSTANT_ENCAPSED_STRING) in /home/ubuntu/workspace/create-record/add-record.php on line 37
[02-Mar-2015 00:59:55 UTC] PHP Parse error:  syntax error, unexpected '"')"' (T_CONSTANT_ENCAPSED_STRING) in /home/ubuntu/workspace/create-record/add-record.php on line 37
[02-Mar-2015 01:00:13 UTC] PHP Parse error:  syntax error, unexpected '"')"' (T_CONSTANT_ENCAPSED_STRING) in /home/ubuntu/workspace/create-record/add-record.php on line 37
[02-Mar-2015 01:00:59 UTC] PHP Parse error:  syntax error, unexpected '"')"' (T_CONSTANT_ENCAPSED_STRING) in /home/ubuntu/workspace/create-record/add-record.php on line 37
[02-Mar-2015 01:02:09 UTC] PHP Parse error:  syntax error, unexpected '"')"' (T_CONSTANT_ENCAPSED_STRING) in /home/ubuntu/workspace/create-record/add-record.php on line 37
[02-Mar-2015 01:02:23 UTC] PHP Parse error:  syntax error, unexpected '"')"' (T_CONSTANT_ENCAPSED_STRING) in /home/ubuntu/workspace/create-record/add-record.php on line 37
[02-Mar-2015 01:03:08 UTC] PHP Parse error:  syntax error, unexpected '"')"' (T_CONSTANT_ENCAPSED_STRING) in /home/ubuntu/workspace/create-record/add-record.php on line 36
[02-Mar-2015 01:03:36 UTC] PHP Parse error:  syntax error, unexpected '"')"' (T_CONSTANT_ENCAPSED_STRING) in /home/ubuntu/workspace/create-record/add-record.php on line 36
[02-Mar-2015 01:11:48 UTC] PHP Notice:  Undefined index: contactLastName in /home/ubuntu/workspace/create-record/add-record.php on line 12
[02-Mar-2015 01:12:33 UTC] PHP Notice:  Undefined index: contactLastName in /home/ubuntu/workspace/create-record/add-record.php on line 13
[02-Mar-2015 01:12:54 UTC] PHP Notice:  Undefined index: contactLastName in /home/ubuntu/workspace/create-record/add-record.php on line 13
[02-Mar-2015 01:13:44 UTC] PHP Notice:  Undefined index: contactLastName in /home/ubuntu/workspace/create-record/add-record.php on line 13
[02-Mar-2015 01:16:47 UTC] PHP Parse error:  syntax error, unexpected '}' in /home/ubuntu/workspace/create-record/add-record.php on line 50
[02-Mar-2015 01:16:55 UTC] PHP Parse error:  syntax error, unexpected '}' in /home/ubuntu/workspace/create-record/add-record.php on line 50
[02-Mar-2015 01:17:45 UTC] PHP Parse error:  syntax error, unexpected '}' in /home/ubuntu/workspace/create-record/add-record.php on line 50
[02-Mar-2015 01:18:22 UTC] PHP Parse error:  syntax error, unexpected '}' in /home/ubuntu/workspace/create-record/add-record.php on line 50
[06-Mar-2015 02:30:05 UTC] PHP Parse error:  syntax error, unexpected '$email' (T_VARIABLE) in /home/ubuntu/workspace/create-record/add-record.php on line 16
[06-Mar-2015 02:46:38 UTC] PHP Parse error:  syntax error, unexpected '$email' (T_VARIABLE) in /home/ubuntu/workspace/create-record/add-record.php on line 16
[06-Mar-2015 02:47:22 UTC] PHP Parse error:  syntax error, unexpected '$email' (T_VARIABLE) in /home/ubuntu/workspace/create-record/add-record.php on line 16
[06-Mar-2015 02:48:15 UTC] PHP Parse error:  syntax error, unexpected '$email' (T_VARIABLE) in /home/ubuntu/workspace/create-record/add-record.php on line 16
[06-Mar-2015 02:48:48 UTC] PHP Parse error:  syntax error, unexpected '$email' (T_VARIABLE) in /home/ubuntu/workspace/create-record/add-record.php on line 16
[06-Mar-2015 02:49:41 UTC] PHP Parse error:  syntax error, unexpected '$email' (T_VARIABLE) in /home/ubuntu/workspace/create-record/add-record.php on line 16
[06-Mar-2015 02:49:47 UTC] PHP Parse error:  syntax error, unexpected '$email' (T_VARIABLE) in /home/ubuntu/workspace/create-record/add-record.php on line 16
[06-Mar-2015 02:50:22 UTC] PHP Parse error:  syntax error, unexpected '$email' (T_VARIABLE) in /home/ubuntu/workspace/create-record/add-record.php on line 16
[06-Mar-2015 02:50:46 UTC] PHP Parse error:  syntax error, unexpected '}' in /home/ubuntu/workspace/create-record/add-record.php on line 60
[06-Mar-2015 02:51:22 UTC] PHP Parse error:  syntax error, unexpected '}' in /home/ubuntu/workspace/create-record/add-record.php on line 61
[06-Mar-2015 02:52:03 UTC] PHP Parse error:  syntax error, unexpected '}' in /home/ubuntu/workspace/create-record/add-record.php on line 61
[06-Mar-2015 02:55:34 UTC] PHP Parse error:  syntax error, unexpected '}' in /home/ubuntu/workspace/create-record/add-record.php on line 62
[06-Mar-2015 02:56:28 UTC] PHP Parse error:  syntax error, unexpected '$email' (T_VARIABLE) in /home/ubuntu/workspace/create-record/add-record.php on line 18
[06-Mar-2015 02:57:36 UTC] PHP Parse error:  syntax error, unexpected '$email' (T_VARIABLE) in /home/ubuntu/workspace/create-record/add-record.php on line 18
[06-Mar-2015 02:58:50 UTC] PHP Parse error:  syntax error, unexpected '$email' (T_VARIABLE) in /home/ubuntu/workspace/create-record/add-record.php on line 18
[06-Mar-2015 03:07:30 UTC] PHP Parse error:  syntax error, unexpected '*' in /home/ubuntu/workspace/create-record/add-record.php on line 62
