[17-Mar-2015 01:14:16 UTC] PHP Warning:  mysqli::mysqli(): (HY000/2003): Can't connect to MySQL server on 'eugenehiggins-beginning-php-mysql-1321467' (111) in /home/ubuntu/workspace/day-3/final/select-single.php on line 19
[17-Mar-2015 01:18:27 UTC] PHP Notice:  Undefined index: ID in /home/ubuntu/workspace/day-3/final/select-single.php on line 62
[17-Mar-2015 01:29:30 UTC] PHP Notice:  Undefined index: ID in /home/ubuntu/workspace/day-3/final/select-single.php on line 62
[17-Mar-2015 02:00:33 UTC] PHP Notice:  Trying to get property of non-object in /home/ubuntu/workspace/day-3/final/update-record-form.php on line 40
[17-Mar-2015 02:00:33 UTC] PHP Notice:  Undefined variable: row in /home/ubuntu/workspace/day-3/final/update-record-form.php on line 53
[17-Mar-2015 02:00:33 UTC] PHP Notice:  Undefined variable: row in /home/ubuntu/workspace/day-3/final/update-record-form.php on line 58
[17-Mar-2015 02:00:33 UTC] PHP Notice:  Undefined variable: row in /home/ubuntu/workspace/day-3/final/update-record-form.php on line 63
[17-Mar-2015 02:00:33 UTC] PHP Notice:  Undefined variable: row in /home/ubuntu/workspace/day-3/final/update-record-form.php on line 68
[17-Mar-2015 02:00:33 UTC] PHP Notice:  Undefined variable: row in /home/ubuntu/workspace/day-3/final/update-record-form.php on line 73
[17-Mar-2015 02:00:33 UTC] PHP Notice:  Undefined variable: row in /home/ubuntu/workspace/day-3/final/update-record-form.php on line 78
[17-Mar-2015 02:00:33 UTC] PHP Notice:  Undefined variable: row in /home/ubuntu/workspace/day-3/final/update-record-form.php on line 83
[17-Mar-2015 02:00:33 UTC] PHP Notice:  Undefined variable: row in /home/ubuntu/workspace/day-3/final/update-record-form.php on line 88
[17-Mar-2015 02:00:33 UTC] PHP Notice:  Undefined variable: row in /home/ubuntu/workspace/day-3/final/update-record-form.php on line 93
[17-Mar-2015 02:02:31 UTC] PHP Notice:  Undefined index: ID in /home/ubuntu/workspace/day-3/final/select-single.php on line 62
[17-Mar-2015 02:02:35 UTC] PHP Notice:  Trying to get property of non-object in /home/ubuntu/workspace/day-3/final/update-record-form.php on line 40
[17-Mar-2015 02:02:35 UTC] PHP Notice:  Undefined variable: row in /home/ubuntu/workspace/day-3/final/update-record-form.php on line 53
[17-Mar-2015 02:02:35 UTC] PHP Notice:  Undefined variable: row in /home/ubuntu/workspace/day-3/final/update-record-form.php on line 58
[17-Mar-2015 02:02:35 UTC] PHP Notice:  Undefined variable: row in /home/ubuntu/workspace/day-3/final/update-record-form.php on line 63
[17-Mar-2015 02:02:35 UTC] PHP Notice:  Undefined variable: row in /home/ubuntu/workspace/day-3/final/update-record-form.php on line 68
[17-Mar-2015 02:02:35 UTC] PHP Notice:  Undefined variable: row in /home/ubuntu/workspace/day-3/final/update-record-form.php on line 73
[17-Mar-2015 02:02:35 UTC] PHP Notice:  Undefined variable: row in /home/ubuntu/workspace/day-3/final/update-record-form.php on line 78
[17-Mar-2015 02:02:35 UTC] PHP Notice:  Undefined variable: row in /home/ubuntu/workspace/day-3/final/update-record-form.php on line 83
[17-Mar-2015 02:02:35 UTC] PHP Notice:  Undefined variable: row in /home/ubuntu/workspace/day-3/final/update-record-form.php on line 88
[17-Mar-2015 02:02:35 UTC] PHP Notice:  Undefined variable: row in /home/ubuntu/workspace/day-3/final/update-record-form.php on line 93
[17-Mar-2015 02:03:16 UTC] PHP Notice:  Trying to get property of non-object in /home/ubuntu/workspace/day-3/final/update-record-form.php on line 40
[17-Mar-2015 02:03:16 UTC] PHP Notice:  Undefined variable: row in /home/ubuntu/workspace/day-3/final/update-record-form.php on line 53
[17-Mar-2015 02:03:16 UTC] PHP Notice:  Undefined variable: row in /home/ubuntu/workspace/day-3/final/update-record-form.php on line 58
[17-Mar-2015 02:03:16 UTC] PHP Notice:  Undefined variable: row in /home/ubuntu/workspace/day-3/final/update-record-form.php on line 63
[17-Mar-2015 02:03:16 UTC] PHP Notice:  Undefined variable: row in /home/ubuntu/workspace/day-3/final/update-record-form.php on line 68
[17-Mar-2015 02:03:16 UTC] PHP Notice:  Undefined variable: row in /home/ubuntu/workspace/day-3/final/update-record-form.php on line 73
[17-Mar-2015 02:03:16 UTC] PHP Notice:  Undefined variable: row in /home/ubuntu/workspace/day-3/final/update-record-form.php on line 78
[17-Mar-2015 02:03:16 UTC] PHP Notice:  Undefined variable: row in /home/ubuntu/workspace/day-3/final/update-record-form.php on line 83
[17-Mar-2015 02:03:16 UTC] PHP Notice:  Undefined variable: row in /home/ubuntu/workspace/day-3/final/update-record-form.php on line 88
[17-Mar-2015 02:03:16 UTC] PHP Notice:  Undefined variable: row in /home/ubuntu/workspace/day-3/final/update-record-form.php on line 93
[17-Mar-2015 02:03:44 UTC] PHP Notice:  Undefined index: email in /home/ubuntu/workspace/day-3/final/update-record-form.php on line 63
[17-Mar-2015 02:04:57 UTC] PHP Notice:  Undefined index: email in /home/ubuntu/workspace/day-3/final/update-record-form.php on line 63
[17-Mar-2015 02:05:03 UTC] PHP Notice:  Undefined index: email in /home/ubuntu/workspace/day-3/final/update-record-form.php on line 63
[17-Mar-2015 02:07:38 UTC] PHP Notice:  Undefined index: email in /home/ubuntu/workspace/day-3/final/update-record-form.php on line 65
[17-Mar-2015 02:08:13 UTC] PHP Notice:  Undefined index: id in /home/ubuntu/workspace/day-3/final/select-single.php on line 31
[17-Mar-2015 02:08:13 UTC] PHP Notice:  Trying to get property of non-object in /home/ubuntu/workspace/day-3/final/select-single.php on line 54
[17-Mar-2015 02:09:14 UTC] PHP Notice:  Undefined index: email in /home/ubuntu/workspace/day-3/final/update-record-form.php on line 65
[17-Mar-2015 02:09:35 UTC] PHP Notice:  Undefined index: email in /home/ubuntu/workspace/day-3/final/update-record-form.php on line 65
[17-Mar-2015 02:10:14 UTC] PHP Notice:  Undefined index: email in /home/ubuntu/workspace/day-3/final/update-record-form.php on line 65
[17-Mar-2015 02:12:17 UTC] PHP Notice:  Undefined index: email in /home/ubuntu/workspace/day-3/final/update-record-form.php on line 65
[17-Mar-2015 02:15:41 UTC] PHP Notice:  Undefined index: email in /home/ubuntu/workspace/day-3/final/update-record-form.php on line 65
[17-Mar-2015 02:26:34 UTC] PHP Notice:  Undefined index: id in /home/ubuntu/workspace/day-3/final/update-record-form.php on line 21
[17-Mar-2015 02:26:34 UTC] PHP Notice:  Trying to get property of non-object in /home/ubuntu/workspace/day-3/final/update-record-form.php on line 41
[17-Mar-2015 02:26:34 UTC] PHP Notice:  Undefined variable: row in /home/ubuntu/workspace/day-3/final/update-record-form.php on line 55
[17-Mar-2015 02:26:34 UTC] PHP Notice:  Undefined variable: row in /home/ubuntu/workspace/day-3/final/update-record-form.php on line 60
[17-Mar-2015 02:26:34 UTC] PHP Notice:  Undefined variable: row in /home/ubuntu/workspace/day-3/final/update-record-form.php on line 65
[17-Mar-2015 02:26:34 UTC] PHP Notice:  Undefined variable: row in /home/ubuntu/workspace/day-3/final/update-record-form.php on line 70
[17-Mar-2015 02:26:34 UTC] PHP Notice:  Undefined variable: row in /home/ubuntu/workspace/day-3/final/update-record-form.php on line 75
[17-Mar-2015 02:26:34 UTC] PHP Notice:  Undefined variable: row in /home/ubuntu/workspace/day-3/final/update-record-form.php on line 80
[17-Mar-2015 02:26:34 UTC] PHP Notice:  Undefined variable: row in /home/ubuntu/workspace/day-3/final/update-record-form.php on line 85
[17-Mar-2015 02:26:34 UTC] PHP Notice:  Undefined variable: row in /home/ubuntu/workspace/day-3/final/update-record-form.php on line 90
[17-Mar-2015 02:26:34 UTC] PHP Notice:  Undefined variable: row in /home/ubuntu/workspace/day-3/final/update-record-form.php on line 95
[17-Mar-2015 02:27:19 UTC] PHP Parse error:  syntax error, unexpected 'if' (T_IF) in /home/ubuntu/workspace/day-3/final/update-record.php on line 6
[17-Mar-2015 02:27:54 UTC] PHP Parse error:  syntax error, unexpected '"', expecting identifier (T_STRING) or variable (T_VARIABLE) or number (T_NUM_STRING) in /home/ubuntu/workspace/day-3/final/update-record.php on line 64
[17-Mar-2015 02:28:20 UTC] PHP Notice:  Undefined variable: customerNumber in /home/ubuntu/workspace/day-3/final/update-record.php on line 54
[17-Mar-2015 02:28:34 UTC] PHP Notice:  Undefined variable: customerNumber in /home/ubuntu/workspace/day-3/final/update-record.php on line 54
[17-Mar-2015 02:29:10 UTC] PHP Notice:  Undefined variable: customerNumber in /home/ubuntu/workspace/day-3/final/update-record.php on line 54
[17-Mar-2015 02:30:07 UTC] PHP Parse error:  syntax error, unexpected 'echo' (T_ECHO) in /home/ubuntu/workspace/day-3/final/update-record.php on line 54
[17-Mar-2015 02:31:24 UTC] PHP Notice:  Undefined index: id in /home/ubuntu/workspace/day-3/final/update-record.php on line 54
[17-Mar-2015 02:35:53 UTC] PHP Notice:  Undefined index: customerNumber in /home/ubuntu/workspace/day-3/final/update-record.php on line 14
[17-Mar-2015 02:36:38 UTC] PHP Notice:  Undefined index: customerNumber in /home/ubuntu/workspace/day-3/final/update-record.php on line 14
[17-Mar-2015 19:06:13 UTC] PHP Notice:  Undefined index: id in /home/ubuntu/workspace/day-3/final/update-record-form.php on line 21
[17-Mar-2015 19:06:13 UTC] PHP Notice:  Trying to get property of non-object in /home/ubuntu/workspace/day-3/final/update-record-form.php on line 41
[17-Mar-2015 19:06:13 UTC] PHP Notice:  Undefined variable: row in /home/ubuntu/workspace/day-3/final/update-record-form.php on line 53
[17-Mar-2015 19:06:13 UTC] PHP Notice:  Undefined variable: row in /home/ubuntu/workspace/day-3/final/update-record-form.php on line 58
[17-Mar-2015 19:06:13 UTC] PHP Notice:  Undefined variable: row in /home/ubuntu/workspace/day-3/final/update-record-form.php on line 63
[17-Mar-2015 19:06:13 UTC] PHP Notice:  Undefined variable: row in /home/ubuntu/workspace/day-3/final/update-record-form.php on line 68
[17-Mar-2015 19:06:13 UTC] PHP Notice:  Undefined variable: row in /home/ubuntu/workspace/day-3/final/update-record-form.php on line 73
[17-Mar-2015 19:06:13 UTC] PHP Notice:  Undefined variable: row in /home/ubuntu/workspace/day-3/final/update-record-form.php on line 78
[17-Mar-2015 19:06:13 UTC] PHP Notice:  Undefined variable: row in /home/ubuntu/workspace/day-3/final/update-record-form.php on line 83
[17-Mar-2015 19:06:13 UTC] PHP Notice:  Undefined variable: row in /home/ubuntu/workspace/day-3/final/update-record-form.php on line 88
[17-Mar-2015 19:06:13 UTC] PHP Notice:  Undefined variable: row in /home/ubuntu/workspace/day-3/final/update-record-form.php on line 93
[17-Mar-2015 19:06:13 UTC] PHP Notice:  Undefined variable: row in /home/ubuntu/workspace/day-3/final/update-record-form.php on line 102
[17-Mar-2015 19:11:19 UTC] PHP Notice:  Undefined index: id in /home/ubuntu/workspace/day-3/final/select-single-record-to-update.php on line 31
[17-Mar-2015 19:11:19 UTC] PHP Notice:  Trying to get property of non-object in /home/ubuntu/workspace/day-3/final/select-single-record-to-update.php on line 54
